<?xml version="1.0" encoding="UTF-8"?>
<testsuite name="se.onemanstudio.playaroundwithai.data.maps.domain.usecase.GetMapItemsUseCaseTest" tests="6" skipped="0" failures="0" errors="0" timestamp="2026-02-24T21:15:18.581Z" hostname="MBP-CLPQV1FW2M" time="0.04">
  <properties/>
  <testcase name="invoke with valid params delegates to repository" classname="se.onemanstudio.playaroundwithai.data.maps.domain.usecase.GetMapItemsUseCaseTest" time="0.029"/>
  <testcase name="invoke with count exceeding max throws IllegalArgumentException" classname="se.onemanstudio.playaroundwithai.data.maps.domain.usecase.GetMapItemsUseCaseTest" time="0.002"/>
  <testcase name="invoke with count of zero throws IllegalArgumentException" classname="se.onemanstudio.playaroundwithai.data.maps.domain.usecase.GetMapItemsUseCaseTest" time="0.002"/>
  <testcase name="invoke when repository returns empty list returns empty list" classname="se.onemanstudio.playaroundwithai.data.maps.domain.usecase.GetMapItemsUseCaseTest" time="0.003"/>
  <testcase name="invoke with invalid longitude throws IllegalArgumentException" classname="se.onemanstudio.playaroundwithai.data.maps.domain.usecase.GetMapItemsUseCaseTest" time="0.002"/>
  <testcase name="invoke with invalid latitude throws IllegalArgumentException" classname="se.onemanstudio.playaroundwithai.data.maps.domain.usecase.GetMapItemsUseCaseTest" time="0.002"/>
  <system-out><![CDATA[]]></system-out>
  <system-err><![CDATA[]]></system-err>
</testsuite>
