<?xml version="1.0" encoding="UTF-8"?>
<testsuite name="se.onemanstudio.playaroundwithai.data.maps.domain.usecase.GetSuggestedPlacesUseCaseTest" tests="6" skipped="0" failures="0" errors="0" timestamp="2026-02-24T21:15:18.623Z" hostname="MBP-CLPQV1FW2M" time="0.084">
  <properties/>
  <testcase name="invoke with longitude above 180 returns failure" classname="se.onemanstudio.playaroundwithai.data.maps.domain.usecase.GetSuggestedPlacesUseCaseTest" time="0.019"/>
  <testcase name="invoke when repository fails propagates failure" classname="se.onemanstudio.playaroundwithai.data.maps.domain.usecase.GetSuggestedPlacesUseCaseTest" time="0.054"/>
  <testcase name="invoke with valid coordinates delegates to repository" classname="se.onemanstudio.playaroundwithai.data.maps.domain.usecase.GetSuggestedPlacesUseCaseTest" time="0.004"/>
  <testcase name="invoke with latitude above 90 returns failure" classname="se.onemanstudio.playaroundwithai.data.maps.domain.usecase.GetSuggestedPlacesUseCaseTest" time="0.002"/>
  <testcase name="invoke with longitude below -180 returns failure" classname="se.onemanstudio.playaroundwithai.data.maps.domain.usecase.GetSuggestedPlacesUseCaseTest" time="0.003"/>
  <testcase name="invoke with latitude below -90 returns failure" classname="se.onemanstudio.playaroundwithai.data.maps.domain.usecase.GetSuggestedPlacesUseCaseTest" time="0.002"/>
  <system-out><![CDATA[]]></system-out>
  <system-err><![CDATA[]]></system-err>
</testsuite>
