<?xml version="1.0" encoding="UTF-8"?>
<testsuite name="se.onemanstudio.playaroundwithai.data.maps.data.repository.MapPointsRepositoryImplTest" tests="2" skipped="0" failures="0" errors="0" timestamp="2026-02-24T21:15:17.624Z" hostname="MBP-CLPQV1FW2M" time="0.955">
  <properties/>
  <testcase name="getMapItems when service returns empty list then repository returns empty list" classname="se.onemanstudio.playaroundwithai.data.maps.data.repository.MapPointsRepositoryImplTest" time="0.949"/>
  <testcase name="getMapItems when service returns data then repository returns mapped domain models" classname="se.onemanstudio.playaroundwithai.data.maps.data.repository.MapPointsRepositoryImplTest" time="0.006"/>
  <system-out><![CDATA[]]></system-out>
  <system-err><![CDATA[WARNING: A Java agent has been loaded dynamically (/Users/sotirisfalieris/.gradle/caches/modules-2/files-2.1/net.bytebuddy/byte-buddy-agent/1.18.2/62f38a6faf7f069d661b79a07d566f504b0b20c4/byte-buddy-agent-1.18.2.jar)
WARNING: If a serviceability tool is in use, please run with -XX:+EnableDynamicAgentLoading to hide this warning
WARNING: If a serviceability tool is not in use, please run with -Djdk.instrument.traceUsage for more information
WARNING: Dynamic loading of agents will be disallowed by default in a future release
]]></system-err>
</testsuite>
